<?xml version="1.0" encoding="UTF-8"?>
<!-- Generated by org.testng.reporters.JUnitReportReporter -->
<testsuite hostname="acer-PC" failures="0" tests="1" name="Runner.TestRunner" time="150.354" errors="0" timestamp="21 Jul. 2019 15:35:46 GMT" skipped="0">
  <testcase classname="Runner.TestRunner" name="feature" time="150.354"/>
</testsuite> <!-- Runner.TestRunner -->
